  novoe.cpp
D:\Програмирование\para.12.09.2020\novoe\novoe\novoe.cpp(104,18): warning C4244: инициализация: преобразование "double" в "int", возможна потеря данных
D:\Програмирование\para.12.09.2020\novoe\novoe\novoe.cpp(293,18): warning C4244: return: преобразование "double" в "int", возможна потеря данных
D:\Програмирование\para.12.09.2020\novoe\novoe\novoe.cpp(318,24): warning C4244: return: преобразование "double" в "int", возможна потеря данных
D:\Програмирование\para.12.09.2020\novoe\novoe\novoe.cpp(330,8): warning C4804: <=: небезопасное использование типа "bool" в операции
D:\Програмирование\para.12.09.2020\novoe\novoe\novoe.cpp(330,46): warning C4804: <: небезопасное использование типа "bool" в операции
D:\Програмирование\para.12.09.2020\novoe\novoe\novoe.cpp(397,35): warning C4244: аргумент: преобразование "double" в "int", возможна потеря данных
D:\Програмирование\para.12.09.2020\novoe\novoe\novoe.cpp(397,32): warning C4244: аргумент: преобразование "double" в "int", возможна потеря данных
D:\Програмирование\para.12.09.2020\novoe\novoe\novoe.cpp(397,39): warning C4244: аргумент: преобразование "double" в "int", возможна потеря данных
D:\Програмирование\para.12.09.2020\novoe\novoe\novoe.cpp(507,31): warning C4244: аргумент: преобразование "double" в "int", возможна потеря данных
D:\Програмирование\para.12.09.2020\novoe\novoe\novoe.cpp(507,28): warning C4244: аргумент: преобразование "double" в "int", возможна потеря данных
D:\Програмирование\para.12.09.2020\novoe\novoe\novoe.cpp(507,35): warning C4244: аргумент: преобразование "double" в "int", возможна потеря данных
D:\Програмирование\para.12.09.2020\novoe\novoe\novoe.cpp(509,39): warning C4244: аргумент: преобразование "double" в "int", возможна потеря данных
D:\Програмирование\para.12.09.2020\novoe\novoe\novoe.cpp(509,31): warning C4244: аргумент: преобразование "double" в "int", возможна потеря данных
D:\Програмирование\para.12.09.2020\novoe\novoe\novoe.cpp(861,31): warning C4244: аргумент: преобразование "double" в "int", возможна потеря данных
D:\Програмирование\para.12.09.2020\novoe\novoe\novoe.cpp(861,28): warning C4244: аргумент: преобразование "double" в "int", возможна потеря данных
D:\Програмирование\para.12.09.2020\novoe\novoe\novoe.cpp(861,35): warning C4244: аргумент: преобразование "double" в "int", возможна потеря данных
D:\Програмирование\para.12.09.2020\novoe\novoe\novoe.cpp(863,39): warning C4244: аргумент: преобразование "double" в "int", возможна потеря данных
D:\Програмирование\para.12.09.2020\novoe\novoe\novoe.cpp(863,31): warning C4244: аргумент: преобразование "double" в "int", возможна потеря данных
D:\Програмирование\para.12.09.2020\novoe\novoe\novoe.cpp(222): warning C4715: if18: значение возвращается не при всех путях выполнения
D:\Програмирование\para.12.09.2020\novoe\novoe\novoe.cpp(241): warning C4715: if19: значение возвращается не при всех путях выполнения
D:\Програмирование\para.12.09.2020\novoe\novoe\novoe.cpp(269): warning C4715: if21: значение возвращается не при всех путях выполнения
D:\Програмирование\para.12.09.2020\novoe\novoe\novoe.cpp(288): warning C4715: if22: значение возвращается не при всех путях выполнения
  novoe.vcxproj -> D:\Програмирование\para.12.09.2020\novoe\Debug\novoe.exe
